[16:58:27] Starting batch generation process...
[16:58:27] 
🎯 Processing Backgrounds category...
[16:58:27] Generating Backgrounds asset: batch_Backgrounds_1_20260212_165827.png
[16:58:27] ✅ Created: batch_Backgrounds_1_20260212_165827.png
[16:58:27] Generating Backgrounds asset: batch_Backgrounds_2_20260212_165827.png
[16:58:27] ✅ Created: batch_Backgrounds_2_20260212_165827.png
[16:58:28] Generating Backgrounds asset: batch_Backgrounds_3_20260212_165828.png
[16:58:28] ✅ Created: batch_Backgrounds_3_20260212_165828.png
[16:58:28] Generating Backgrounds asset: batch_Backgrounds_4_20260212_165828.png
[16:58:28] ✅ Created: batch_Backgrounds_4_20260212_165828.png
[16:58:29] Completed Backgrounds category (4 assets)
[16:58:29] 
🎯 Processing UI category...
[16:58:29] Generating UI asset: batch_UI_1_20260212_165829.png
[16:58:29] ✅ Created: batch_UI_1_20260212_165829.png
[16:58:29] Generating UI asset: batch_UI_2_20260212_165829.png
[16:58:29] ✅ Created: batch_UI_2_20260212_165829.png
[16:58:30] Generating UI asset: batch_UI_3_20260212_165830.png
[16:58:30] ✅ Created: batch_UI_3_20260212_165830.png
[16:58:30] Generating UI asset: batch_UI_4_20260212_165830.png
[16:58:30] ✅ Created: batch_UI_4_20260212_165830.png
[16:58:31] Completed UI category (4 assets)
[16:58:31] 
🎯 Processing Props category...
[16:58:31] Generating Props asset: batch_Props_1_20260212_165831.png
[16:58:31] ✅ Created: batch_Props_1_20260212_165831.png
[16:58:31] Generating Props asset: batch_Props_2_20260212_165831.png
[16:58:31] ✅ Created: batch_Props_2_20260212_165831.png
[16:58:32] Generating Props asset: batch_Props_3_20260212_165832.png
[16:58:32] ✅ Created: batch_Props_3_20260212_165832.png
[16:58:32] Generating Props asset: batch_Props_4_20260212_165832.png
[16:58:32] ✅ Created: batch_Props_4_20260212_165832.png
[16:58:33] Completed Props category (4 assets)
[16:58:33] 
🎯 Processing Characters category...
[16:58:33] Generating Characters asset: batch_Characters_1_20260212_165833.png
[16:58:33] ✅ Created: batch_Characters_1_20260212_165833.png
[16:58:33] Generating Characters asset: batch_Characters_2_20260212_165833.png
[16:58:33] ✅ Created: batch_Characters_2_20260212_165833.png
[16:58:34] Generating Characters asset: batch_Characters_3_20260212_165834.png
[16:58:34] ✅ Created: batch_Characters_3_20260212_165834.png
[16:58:34] Generating Characters asset: batch_Characters_4_20260212_165834.png
[16:58:34] ✅ Created: batch_Characters_4_20260212_165834.png
[16:58:35] Generating Characters asset: batch_Characters_5_20260212_165835.png
[16:58:35] ✅ Created: batch_Characters_5_20260212_165835.png
[16:58:36] Generating Characters asset: batch_Characters_6_20260212_165836.png
[16:58:36] ✅ Created: batch_Characters_6_20260212_165836.png
[16:58:36] Completed Characters category (6 assets)
[16:58:36] 
🎉 Batch generation complete!
[16:58:36] ============================
[16:58:36] Total assets generated: 18
[16:58:36] Output directory: Assets/Visuals
[16:58:36] Log file: batch_generation_20260212_165827.log
[16:58:36] 
📋 Next Steps:
[16:58:36] 1. Review generated placeholders in Assets/Visuals
[16:58:36] 2. Replace with actual AI-generated images
[16:58:36] 3. Post-process for consistency
[16:58:36] 4. Import to Unity project
[16:58:36] 5. Test in-game integration
