[Licensing::Module] Trying to connect to existing licensing client channel...
Built from '6000.3/respin/6000.3.6f1-732c1ec89f18' branch; Version is '6000.3.6f1 (bbb010bdb8a3) revision 12300304'; Using compiler version '194234433'; Build Type 'Release'
OS: 'Windows 11  (10.0.26200) Core' Language: 'en' Physical Memory: 15722 MB
[Licensing::IpcConnector] Successfully connected to: "LicenseClient-gripa" at "2026-02-11T20:55:58.836079Z"
BatchMode: 1, IsHumanControllingUs: 0, StartBugReporterOnCrash: 0, Is64bit: 1
System  architecture: x64
Process architecture: x64
Date: 2026-02-11T20:55:58Z

COMMAND LINE ARGUMENTS:
C:\Program Files\Unity\Hub\Editor\6000.3.6f1\Editor\Unity.exe
-batchmode
-nographics
-accept-apiupdate
-quit
-projectPath
c:\Users\gripa\OneDrive\Desktop\CrimsonCompass1\CrimsonCompass\Crimson-Compass
-executeMethod
PlaceholderAssetGenerator.GenerateAssets
-logFile
generate_assets.log
Successfully changed project path to: c:\Users\gripa\OneDrive\Desktop\CrimsonCompass1\CrimsonCompass\Crimson-Compass
C:/Users/gripa/OneDrive/Desktop/CrimsonCompass1/CrimsonCompass/Crimson-Compass
Exiting without the bug reporter. Application will terminate with return code 1